[2025-10-05 11:39:31.054] [INFO ] [top.blogapi.BlogApiApplication] - Starting BlogApiApplication using Java 21.0.3 with PID 20196 (D:\Storage\0x1lBlog\blog-api\target\classes started by lyrri in D:\Storage\0x1lBlog)
[2025-10-05 11:39:31.056] [INFO ] [top.blogapi.BlogApiApplication] - No active profile set, falling back to 1 default profile: "default"
[2025-10-05 11:39:31.107] [INFO ] [o.s.b.d.e.DevToolsPropertyDefaultsPostProcessor] - Devtools property defaults active! Set 'spring.devtools.add-properties' to 'false' to disable
[2025-10-05 11:39:31.107] [INFO ] [o.s.b.d.e.DevToolsPropertyDefaultsPostProcessor] - For additional web related logging consider setting the 'logging.level.web' property to 'DEBUG'
[2025-10-05 11:39:32.219] [INFO ] [o.s.b.w.e.tomcat.TomcatWebServer] - Tomcat initialized with port 8080 (http)
[2025-10-05 11:39:32.237] [INFO ] [o.a.catalina.core.StandardService] - Starting service [Tomcat]
[2025-10-05 11:39:32.238] [INFO ] [o.a.catalina.core.StandardEngine] - Starting Servlet engine: [Apache Tomcat/10.1.46]
[2025-10-05 11:39:32.304] [INFO ] [o.a.c.c.C.[Tomcat].[localhost].[/]] - Initializing Spring embedded WebApplicationContext
[2025-10-05 11:39:32.305] [INFO ] [o.s.b.w.s.c.ServletWebServerApplicationContext] - Root WebApplicationContext: initialization completed in 1197 ms
[2025-10-05 11:39:32.767] [WARN ] [o.s.b.a.s.s.UserDetailsServiceAutoConfiguration] - 

Using generated security password: c707dc81-0929-4b45-bea0-2f3848eae402

This generated password is for development use only. Your security configuration must be updated before running your application in production.

[2025-10-05 11:39:32.776] [INFO ] [o.s.s.c.a.a.c.InitializeUserDetailsBeanManagerConfigurer$InitializeUserDetailsManagerConfigurer] - Global AuthenticationManager configured with UserDetailsService bean with name inMemoryUserDetailsManager
[2025-10-05 11:39:32.922] [INFO ] [o.s.b.d.a.OptionalLiveReloadServer] - LiveReload server is running on port 35729
[2025-10-05 11:39:32.959] [INFO ] [o.s.b.w.e.tomcat.TomcatWebServer] - Tomcat started on port 8080 (http) with context path '/'
[2025-10-05 11:39:32.968] [INFO ] [top.blogapi.BlogApiApplication] - Started BlogApiApplication in 2.656 seconds (process running for 3.704)
[2025-10-05 11:43:07.276] [INFO ] [o.s.b.w.e.tomcat.GracefulShutdown] - Commencing graceful shutdown. Waiting for active requests to complete
[2025-10-05 11:43:07.292] [INFO ] [o.s.b.w.e.tomcat.GracefulShutdown] - Graceful shutdown complete
[2025-10-05 11:43:14.309] [INFO ] [top.blogapi.BlogApiApplication] - Starting BlogApiApplication using Java 21.0.3 with PID 17132 (D:\Storage\0x1lBlog\blog-api\target\classes started by lyrri in D:\Storage\0x1lBlog)
[2025-10-05 11:43:14.311] [INFO ] [top.blogapi.BlogApiApplication] - No active profile set, falling back to 1 default profile: "default"
[2025-10-05 11:43:14.358] [INFO ] [o.s.b.d.e.DevToolsPropertyDefaultsPostProcessor] - Devtools property defaults active! Set 'spring.devtools.add-properties' to 'false' to disable
[2025-10-05 11:43:14.359] [INFO ] [o.s.b.d.e.DevToolsPropertyDefaultsPostProcessor] - For additional web related logging consider setting the 'logging.level.web' property to 'DEBUG'
[2025-10-05 11:43:15.307] [INFO ] [o.s.b.w.e.tomcat.TomcatWebServer] - Tomcat initialized with port 8080 (http)
[2025-10-05 11:43:15.328] [INFO ] [o.a.catalina.core.StandardService] - Starting service [Tomcat]
[2025-10-05 11:43:15.328] [INFO ] [o.a.catalina.core.StandardEngine] - Starting Servlet engine: [Apache Tomcat/10.1.46]
[2025-10-05 11:43:15.395] [INFO ] [o.a.c.c.C.[Tomcat].[localhost].[/]] - Initializing Spring embedded WebApplicationContext
[2025-10-05 11:43:15.395] [INFO ] [o.s.b.w.s.c.ServletWebServerApplicationContext] - Root WebApplicationContext: initialization completed in 1036 ms
[2025-10-05 11:43:15.801] [INFO ] [o.s.b.d.a.OptionalLiveReloadServer] - LiveReload server is running on port 35729
[2025-10-05 11:43:15.839] [INFO ] [o.s.b.w.e.tomcat.TomcatWebServer] - Tomcat started on port 8080 (http) with context path '/'
[2025-10-05 11:43:15.848] [INFO ] [top.blogapi.BlogApiApplication] - Started BlogApiApplication in 2.226 seconds (process running for 3.108)
[2025-10-05 11:45:14.413] [INFO ] [o.s.b.w.e.tomcat.GracefulShutdown] - Commencing graceful shutdown. Waiting for active requests to complete
[2025-10-05 11:45:14.428] [INFO ] [o.s.b.w.e.tomcat.GracefulShutdown] - Graceful shutdown complete
